<?xml version="1.0" encoding="UTF-8"?>
<!-- Generated by org.testng.reporters.JUnitReportReporter -->
<testsuite hostname="LAPTOP-MLOEKGFM" failures="0" tests="14" name="homework.ch11_13.CompositeComponentTest" time="0.001" errors="0" timestamp="28 3月 2023 04:27:56 GMT" skipped="0">
  <testcase classname="homework.ch11_13.CompositeComponentTest" name="testCalcPrice" time="0.000"/>
  <testcase classname="homework.ch11_13.CompositeComponentTest" name="testRemove" time="0.000"/>
  <testcase classname="homework.ch11_13.CompositeComponentTest" name="testAdd" time="0.000"/>
  <testcase classname="homework.ch11_13.CompositeComponentTest" name="testRemove" time="0.000"/>
  <testcase classname="homework.ch11_13.CompositeComponentTest" name="testGetPrice" time="0.000"/>
  <testcase classname="homework.ch11_13.CompositeComponentTest" name="testCalcPrice" time="0.000"/>
  <testcase classname="homework.ch11_13.CompositeComponentTest" name="testIterator" time="0.000"/>
  <testcase classname="homework.ch11_13.CompositeComponentTest" name="testRemove" time="0.000"/>
  <testcase classname="homework.ch11_13.CompositeComponentTest" name="testGetPrice" time="0.000"/>
  <testcase classname="homework.ch11_13.CompositeComponentTest" name="testAdd" time="0.000"/>
  <testcase classname="homework.ch11_13.CompositeComponentTest" name="testCalcPrice" time="0.000"/>
  <testcase classname="homework.ch11_13.CompositeComponentTest" name="testAdd" time="0.001"/>
  <testcase classname="homework.ch11_13.CompositeComponentTest" name="testTestToString" time="0.000"/>
  <testcase classname="homework.ch11_13.CompositeComponentTest" name="testGetPrice" time="0.000"/>
</testsuite> <!-- homework.ch11_13.CompositeComponentTest -->
